2023-04-17 22:49:19 Servidor iniciado!
2023-04-17 22:49:20 Servidor iniciado!
2023-04-17 22:49:38 Servidor iniciado!
2023-04-17 23:04:27 Servidor iniciado!
2023-04-17 23:04:41 Servidor iniciado!
2023-04-17 23:05:16 Servidor iniciado!
2023-04-18 02:34:05 Servidor iniciado!
2023-04-18 02:34:40 Servidor iniciado!
2023-04-18 02:46:13 Servidor iniciado!
2023-04-18 02:56:15 Servidor iniciado!
2023-04-18 02:56:36 Servidor iniciado!
2023-05-23 20:47:11 Servidor iniciado!
2023-05-23 20:48:07 Servidor iniciado!
2023-05-23 20:48:21 Servidor iniciado!
2023-05-23 20:48:54 Servidor iniciado!
2023-05-23 20:51:20 Servidor iniciado!
2023-05-23 21:01:14 Servidor iniciado!
2023-05-23 21:01:37 Servidor iniciado!
2023-05-23 21:03:01 Servidor iniciado!
2023-05-23 21:03:03 Servidor iniciado!
2023-05-23 21:06:14 Servidor iniciado!
2023-05-23 21:06:15 Servidor iniciado!
2023-05-23 21:12:20 Servidor iniciado!
2023-05-23 21:12:29 Servidor iniciado!
2023-05-23 21:12:31 Servidor iniciado!
2023-05-23 21:12:32 Servidor iniciado!
2023-05-23 21:12:46 Servidor iniciado!
2023-05-23 21:12:47 Servidor iniciado!
2023-05-23 21:13:13 Servidor iniciado!
2023-05-23 21:13:14 Servidor iniciado!
2023-05-23 21:13:18 Servidor iniciado!
2023-05-23 21:13:47 Servidor iniciado!
2023-05-23 21:14:05 Servidor iniciado!
2023-05-23 21:15:17 Servidor iniciado!
2023-05-23 21:16:15 Servidor iniciado!
2023-05-23 21:17:02 Servidor iniciado!
2023-05-23 21:17:25 Servidor iniciado!
2023-05-23 21:17:28 Servidor iniciado!
2023-05-23 21:17:50 Servidor iniciado!
2023-05-23 21:18:03 Servidor iniciado!
2023-05-23 21:19:42 Servidor iniciado!
2023-05-23 21:19:44 Servidor iniciado!
2023-05-23 21:19:45 Servidor iniciado!
2023-05-23 21:19:49 Servidor iniciado!
2023-05-23 21:20:02 Servidor iniciado!
2023-05-23 21:20:02 Servidor iniciado!
2023-05-23 21:20:03 Servidor iniciado!
2023-05-23 21:20:03 Servidor iniciado!
2023-05-23 21:20:03 Servidor iniciado!
2023-05-23 21:20:03 Servidor iniciado!
2023-05-23 21:20:11 Servidor iniciado!
2023-05-23 21:20:11 Servidor iniciado!
2023-05-23 21:20:12 Servidor iniciado!
2023-05-23 21:20:12 Servidor iniciado!
2023-05-23 21:20:12 Servidor iniciado!
2023-05-23 21:20:13 Servidor iniciado!
2023-05-23 21:20:17 Servidor iniciado!
2023-05-23 21:20:18 Servidor iniciado!
2023-05-23 21:22:36 Servidor iniciado!
2023-05-23 21:22:37 Servidor iniciado!
2023-05-23 21:22:38 Servidor iniciado!
2023-05-23 21:27:11 Servidor iniciado!
2023-05-23 21:29:21 Servidor iniciado!
2023-05-23 21:29:36 Servidor iniciado!
2023-05-23 21:29:50 Servidor iniciado!
2023-05-23 21:30:02 Servidor iniciado!
2023-05-23 21:30:56 Servidor iniciado!
2023-05-23 21:30:58 Servidor iniciado!
2023-05-23 21:31:03 Servidor iniciado!
2023-05-23 21:31:14 Servidor iniciado!
2023-05-23 21:31:15 Servidor iniciado!
2023-05-23 21:31:15 Servidor iniciado!
2023-05-24 01:52:31 Servidor iniciado!
2023-05-24 01:52:34 Nova conexão no Servidor! (85)
2023-05-24 01:52:34 Conexões ativas: 1
2023-05-24 01:53:15 Mensagem de 85 Msg: 'ASDaSD'
2023-05-24 01:53:18 Conexão encerrada (85)
2023-05-24 01:53:18 Conexões ativas: 0
2023-05-24 01:55:16 Nova conexão no Servidor! (131)
2023-05-24 01:55:16 Conexões ativas: 1
2023-05-24 01:55:24 Conexão encerrada (131)
2023-05-24 01:55:24 Conexões ativas: 0
2023-05-24 01:55:39 Nova conexão no Servidor! (138)
2023-05-24 01:55:39 Conexões ativas: 1
2023-05-24 01:55:44 Conexão encerrada (138)
2023-05-24 01:55:44 Conexões ativas: 0
2023-05-24 01:55:44 Nova conexão no Servidor! (145)
2023-05-24 01:55:44 Conexões ativas: 1
2023-05-24 01:55:46 Conexão encerrada (145)
2023-05-24 01:55:46 Conexões ativas: 0
2023-05-24 01:55:47 Nova conexão no Servidor! (152)
2023-05-24 01:55:47 Conexões ativas: 1
2023-05-24 01:55:56 Conexão encerrada (152)
2023-05-24 01:55:56 Conexões ativas: 0
2023-05-24 01:55:57 Nova conexão no Servidor! (159)
2023-05-24 01:55:57 Conexões ativas: 1
2023-05-24 01:56:32 Nova conexão no Servidor! (164)
2023-05-24 01:56:32 Conexões ativas: 2
2023-05-24 01:56:39 Mensagem de 164 Msg: 'Diz ai'
2023-05-24 01:56:39 A Conexão 159 recebeu a mensagem de 164
2023-05-24 01:56:46 Mensagem de 159 Msg: 'Teste'
2023-05-24 01:56:46 A Conexão 164 recebeu a mensagem de 159
2023-05-24 01:57:01 Mensagem de 164 Msg: 'Foda kkk'
2023-05-24 01:57:01 A Conexão 159 recebeu a mensagem de 164
2023-05-24 01:57:29 Mensagem de 164 Msg: 'aaaa'
2023-05-24 01:57:29 A Conexão 159 recebeu a mensagem de 164
2023-05-24 01:57:37 Mensagem de 159 Msg: 'Loucoaosoduouasoudasdusad'
2023-05-24 01:57:37 A Conexão 164 recebeu a mensagem de 159
2023-05-24 01:57:44 Mensagem de 164 Msg: 'dsu\hdushfuhsufhsu\dhfuhsduhfuhsdfuhsduhfush\ufhs\uhfhsdhufsd\'
2023-05-24 01:57:44 A Conexão 159 recebeu a mensagem de 164
2023-05-24 01:58:22 Conexão encerrada (164)
2023-05-24 01:58:22 Conexões ativas: 1
2023-05-24 01:58:23 Nova conexão no Servidor! (183)
2023-05-24 01:58:23 Conexões ativas: 2
2023-05-24 01:58:45 Mensagem de 183 Msg: 'Lorem Ipsum é simplesmente uma simulação de texto da indústria tipográfica e de impressos, e vem sendo utilizado desde o século XVI, quando um impressor desconhecido pegou uma bandeja de tipos e os embaralhou para fazer um livro de modelos de tipos. Lorem Ipsum sobreviveu não só a cinco séculos, como também ao salto para a editoração eletrônica, permanecendo essencialmente inalterado. Se popularizou na década de 60, quando a Letraset lançou decalques contendo passagens de Lorem Ipsum, e mais recentemente quando passou a ser integrado a softwares de editoração eletrônica como Aldus PageMaker.

Lorem Ipsum é simplesmente uma simulação de texto da indústria tipográfica e de impressos, e vem sendo utilizado desde o século XVI, quando um impressor desconhecido pegou uma bandeja de tipos e os embaralhou para fazer um livro d'
2023-05-24 01:58:45 A Conexão 159 recebeu a mensagem de 183
2023-05-24 01:58:54 Mensagem de 159 Msg: 'Carai cuzao'
2023-05-24 01:58:54 A Conexão 183 recebeu a mensagem de 159
2023-05-24 01:59:01 Conexão encerrada (183)
2023-05-24 01:59:01 Conexões ativas: 1
2023-05-24 01:59:29 Conexão encerrada (159)
2023-05-24 01:59:29 Conexões ativas: 0
2023-05-24 01:59:34 Nova conexão no Servidor! (196)
2023-05-24 01:59:34 Conexões ativas: 1
2023-05-24 01:59:44 Nova conexão no Servidor! (201)
2023-05-24 01:59:44 Conexões ativas: 2
2023-05-24 01:59:46 Conexão encerrada (201)
2023-05-24 01:59:46 Conexões ativas: 1
2023-05-24 01:59:47 Nova conexão no Servidor! (208)
2023-05-24 01:59:47 Conexões ativas: 2
2023-05-24 01:59:51 Mensagem de 208 Msg: 'ASDasd'
2023-05-24 01:59:51 A Conexão 196 recebeu a mensagem de 208
2023-05-24 01:59:57 Mensagem de 196 Msg: 'QWEQWEQW'
2023-05-24 01:59:57 A Conexão 208 recebeu a mensagem de 196
2023-05-24 02:00:01 Conexão encerrada (208)
2023-05-24 02:00:01 Conexões ativas: 1
2023-05-24 02:00:03 Conexão encerrada (196)
2023-05-24 02:00:03 Conexões ativas: 0
