2023-04-17 22:50:56 Servidor iniciado!
2023-04-17 22:59:04 Servidor iniciado!
2023-04-17 23:03:51 Servidor iniciado!
2023-04-17 23:07:28 Servidor iniciado!
2023-04-17 23:22:21 Servidor iniciado!
2023-04-17 23:29:58 Servidor iniciado!
2023-04-17 23:35:29 Servidor iniciado!
2023-04-17 23:35:44 Servidor iniciado!
2023-04-17 23:36:37 Servidor iniciado!
2023-04-17 23:53:10 Servidor iniciado!
2023-04-17 23:53:13 Servidor iniciado!
2023-04-18 00:03:46 Servidor iniciado!
2023-04-18 00:05:11 Servidor iniciado!
2023-04-18 00:09:18 Servidor iniciado!
2023-04-18 00:09:44 Servidor iniciado!
2023-04-18 00:11:45 Servidor iniciado!
2023-04-18 00:13:39 Servidor iniciado!
2023-04-18 00:14:10 Servidor iniciado!
2023-04-18 00:19:27 Servidor iniciado!
2023-04-18 00:40:07 Servidor iniciado!
2023-04-18 00:50:02 Servidor iniciado!
2023-04-18 00:52:11 Servidor iniciado!
2023-04-18 00:55:28 Servidor iniciado!
2023-04-18 01:00:57 Servidor iniciado!
2023-04-18 01:19:36 Servidor iniciado!
2023-04-18 01:42:11 Servidor iniciado!
2023-04-18 01:48:59 Servidor iniciado!
2023-04-18 01:50:00 Servidor iniciado!
2023-04-18 01:50:50 Servidor iniciado!
2023-04-18 01:51:27 Servidor iniciado!
2023-04-18 01:59:52 Servidor iniciado!
2023-04-19 20:05:38 Servidor iniciado!
2023-04-19 20:07:49 Servidor iniciado!
2023-05-23 21:07:24 Servidor iniciado!
2023-05-23 21:17:19 Servidor iniciado!
2023-05-23 21:17:48 Servidor iniciado!
2023-05-23 21:30:50 Servidor iniciado!
2023-05-23 21:47:25 Servidor iniciado!
2023-05-23 21:50:43 Servidor iniciado!
2023-05-23 22:03:55 Servidor iniciado!
2023-05-23 22:06:56 Servidor iniciado!
2023-05-23 22:11:54 Servidor iniciado!
2023-05-23 22:13:29 Servidor iniciado!
2023-05-23 22:24:14 Servidor iniciado!
2023-05-23 22:27:16 Servidor iniciado!
2023-05-23 22:27:25 Servidor iniciado!
2023-05-23 22:27:41 Servidor iniciado!
2023-05-23 22:32:27 Servidor iniciado!
2023-05-23 22:35:11 Servidor iniciado!
2023-05-23 22:35:20 Servidor iniciado!
2023-05-23 22:36:45 Servidor iniciado!
2023-05-23 22:57:12 Servidor iniciado!
2023-05-23 22:58:18 Servidor iniciado!
2023-05-23 23:01:37 Servidor iniciado!
2023-05-23 23:04:19 Servidor iniciado!
2023-05-23 23:05:25 Servidor iniciado!
2023-05-23 23:14:46 Servidor iniciado!
2023-05-23 23:16:49 Servidor iniciado!
2023-05-23 23:19:57 Servidor iniciado!
2023-05-23 23:32:26 Servidor iniciado!
2023-05-23 23:54:30 Servidor iniciado!
2023-05-24 00:01:34 Servidor iniciado!
2023-05-24 00:10:55 Servidor iniciado!
2023-05-24 00:16:36 Servidor iniciado!
2023-05-24 00:25:50 Servidor iniciado!
2023-05-24 00:40:02 Servidor iniciado!
2023-05-24 00:40:29 Servidor iniciado!
2023-05-24 00:44:51 Servidor iniciado!
2023-05-24 00:45:28 Servidor iniciado!
2023-05-24 00:50:24 Servidor iniciado!
2023-05-24 00:52:43 Servidor iniciado!
2023-05-24 00:55:25 Servidor iniciado!
2023-05-24 00:56:05 Nova conexão no Servidor! (61)
2023-05-24 00:56:05 Conexões ativas: 1
2023-05-24 00:56:25 Nova conexão no Servidor! (100)
2023-05-24 00:56:25 Conexões ativas: 2
2023-05-24 00:56:25 Conexão encerrada (100)
2023-05-24 00:56:25 Conexões ativas: 1
2023-05-24 00:56:26 Nova conexão no Servidor! (105)
2023-05-24 00:56:26 Conexões ativas: 2
2023-05-24 00:56:27 Conexão encerrada (105)
2023-05-24 00:56:27 Conexões ativas: 1
2023-05-24 00:56:28 Nova conexão no Servidor! (116)
2023-05-24 00:56:28 Conexões ativas: 2
2023-05-24 00:56:40 Mensagem de 116 Msg: 'Tá zoando '
2023-05-24 00:56:40 A Conexão 61 recebeu a mensagem de 116
2023-05-24 00:56:49 Mensagem de 61 Msg: 'kkk'
2023-05-24 00:56:49 A Conexão 116 recebeu a mensagem de 61
2023-05-24 00:57:10 Mensagem de 61 Msg: 'ASasA'
2023-05-24 00:57:10 A Conexão 116 recebeu a mensagem de 61
2023-05-24 00:57:54 Conexão encerrada (116)
2023-05-24 00:57:54 Conexões ativas: 1
2023-05-24 00:58:42 Servidor iniciado!
2023-05-24 00:58:43 Nova conexão no Servidor! (59)
2023-05-24 00:58:43 Conexões ativas: 1
2023-05-24 00:58:58 Mensagem de 59 Msg: 'oi'
2023-05-24 00:59:01 Nova conexão no Servidor! (101)
2023-05-24 00:59:01 Conexões ativas: 2
2023-05-24 00:59:11 Mensagem de 101 Msg: 'Ola'
2023-05-24 00:59:11 A Conexão 59 recebeu a mensagem de 101
2023-05-24 00:59:27 Mensagem de 59 Msg: 'Como você está ?'
2023-05-24 00:59:27 A Conexão 101 recebeu a mensagem de 59
2023-05-24 00:59:43 Mensagem de 101 Msg: 'Bem kkk '
2023-05-24 00:59:43 A Conexão 59 recebeu a mensagem de 101
2023-05-24 01:00:16 Conexão encerrada (101)
2023-05-24 01:00:16 Conexões ativas: 1
2023-05-24 01:01:58 Nova conexão no Servidor! (138)
2023-05-24 01:01:58 Conexões ativas: 2
2023-05-24 01:03:12 Conexão encerrada (138)
2023-05-24 01:03:12 Conexões ativas: 1
2023-05-24 01:03:13 Nova conexão no Servidor! (145)
2023-05-24 01:03:13 Conexões ativas: 2
2023-05-24 01:03:14 Conexão encerrada (145)
2023-05-24 01:03:14 Conexões ativas: 1
2023-05-24 01:03:15 Nova conexão no Servidor! (152)
2023-05-24 01:03:15 Conexões ativas: 2
2023-05-24 01:06:26 Conexão encerrada (152)
2023-05-24 01:06:26 Conexões ativas: 1
2023-05-24 01:06:27 Nova conexão no Servidor! (159)
2023-05-24 01:06:27 Conexões ativas: 2
2023-05-24 01:06:28 Conexão encerrada (159)
2023-05-24 01:06:28 Conexões ativas: 1
2023-05-24 01:06:29 Nova conexão no Servidor! (166)
2023-05-24 01:06:29 Conexões ativas: 2
2023-05-24 01:12:30 Mensagem de 166 Msg: 'kkkkk que legal'
2023-05-24 01:12:30 A Conexão 59 recebeu a mensagem de 166
2023-05-24 01:13:02 Conexão encerrada (166)
2023-05-24 01:13:02 Conexões ativas: 1
2023-05-24 01:13:03 Nova conexão no Servidor! (175)
2023-05-24 01:13:03 Conexões ativas: 2
2023-05-24 01:13:23 Mensagem de 175 Msg: 'É, agora vou modificar você para funcionar de outra forma'
2023-05-24 01:13:23 A Conexão 59 recebeu a mensagem de 175
2023-05-24 01:13:32 Nova conexão no Servidor! (182)
2023-05-24 01:13:32 Conexões ativas: 3
2023-05-24 01:13:32 Conexão encerrada (182)
2023-05-24 01:13:32 Conexões ativas: 2
2023-05-24 01:13:34 Nova conexão no Servidor! (189)
2023-05-24 01:13:34 Conexões ativas: 3
2023-05-24 01:13:47 Mensagem de 189 Msg: 'Diz ai meu patrão '
2023-05-24 01:13:47 A Conexão 59 recebeu a mensagem de 189
2023-05-24 01:13:47 A Conexão 175 recebeu a mensagem de 189
2023-05-24 01:14:20 Conexão encerrada (189)
2023-05-24 01:14:20 Conexões ativas: 2
2023-05-24 01:14:40 Mensagem de 59 Msg: 'E ai'
2023-05-24 01:14:40 A Conexão 175 recebeu a mensagem de 59
2023-05-24 01:14:59 Nova conexão no Servidor! (201)
2023-05-24 01:14:59 Conexões ativas: 3
2023-05-24 01:15:32 Conexão encerrada (201)
2023-05-24 01:15:32 Conexões ativas: 2
2023-05-24 01:16:18 Nova conexão no Servidor! (208)
2023-05-24 01:16:18 Conexões ativas: 3
2023-05-24 01:16:25 Mensagem de 208 Msg: 'Opa galera'
2023-05-24 01:16:25 A Conexão 59 recebeu a mensagem de 208
2023-05-24 01:16:25 A Conexão 175 recebeu a mensagem de 208
2023-05-24 01:16:32 Mensagem de 59 Msg: 'Diz ai loco abreu'
2023-05-24 01:16:32 A Conexão 175 recebeu a mensagem de 59
2023-05-24 01:16:32 A Conexão 208 recebeu a mensagem de 59
2023-05-24 01:16:41 Mensagem de 175 Msg: 'Aopa'
2023-05-24 01:16:41 A Conexão 59 recebeu a mensagem de 175
2023-05-24 01:16:41 A Conexão 208 recebeu a mensagem de 175
2023-05-24 01:16:45 Mensagem de 175 Msg: 'Como vai as coisas'
2023-05-24 01:16:45 A Conexão 59 recebeu a mensagem de 175
2023-05-24 01:16:45 A Conexão 208 recebeu a mensagem de 175
2023-05-24 01:16:53 Mensagem de 208 Msg: 'Tudo suave e ai kk'
2023-05-24 01:16:53 A Conexão 59 recebeu a mensagem de 208
2023-05-24 01:16:53 A Conexão 175 recebeu a mensagem de 208
2023-05-24 01:16:59 Mensagem de 59 Msg: 'Aqui tudo bem'
2023-05-24 01:16:59 A Conexão 175 recebeu a mensagem de 59
2023-05-24 01:16:59 A Conexão 208 recebeu a mensagem de 59
2023-05-24 01:19:04 Conexão encerrada (175)
2023-05-24 01:19:04 Conexões ativas: 2
2023-05-24 01:19:05 Nova conexão no Servidor! (233)
2023-05-24 01:19:05 Conexões ativas: 3
2023-05-24 01:19:06 Conexão encerrada (233)
2023-05-24 01:19:06 Conexões ativas: 2
2023-05-24 01:19:07 Nova conexão no Servidor! (240)
2023-05-24 01:19:07 Conexões ativas: 3
2023-05-24 01:19:39 Conexão encerrada (240)
2023-05-24 01:19:39 Conexões ativas: 2
2023-05-24 01:19:47 Nova conexão no Servidor! (247)
2023-05-24 01:19:47 Conexões ativas: 3
2023-05-24 01:21:23 Conexão encerrada (247)
2023-05-24 01:21:23 Conexões ativas: 2
2023-05-24 01:21:24 Nova conexão no Servidor! (254)
2023-05-24 01:21:24 Conexões ativas: 3
2023-05-24 01:23:05 Conexão encerrada (254)
2023-05-24 01:23:05 Conexões ativas: 2
2023-05-24 01:23:06 Nova conexão no Servidor! (261)
2023-05-24 01:23:06 Conexões ativas: 3
2023-05-24 01:23:20 Conexão encerrada (261)
2023-05-24 01:23:20 Conexões ativas: 2
2023-05-24 01:23:21 Nova conexão no Servidor! (268)
2023-05-24 01:23:21 Conexões ativas: 3
2023-05-24 01:24:38 Conexão encerrada (268)
2023-05-24 01:24:38 Conexões ativas: 2
2023-05-24 01:24:41 Nova conexão no Servidor! (275)
2023-05-24 01:24:41 Conexões ativas: 3
2023-05-24 01:24:45 Mensagem de 275 Msg: 'kkk'
2023-05-24 01:24:45 A Conexão 59 recebeu a mensagem de 275
2023-05-24 01:24:45 A Conexão 208 recebeu a mensagem de 275
2023-05-24 01:26:03 Mensagem de 275 Msg: 'Certo'
2023-05-24 01:26:03 A Conexão 59 recebeu a mensagem de 275
2023-05-24 01:26:03 A Conexão 208 recebeu a mensagem de 275
2023-05-24 01:26:35 Conexão encerrada (275)
2023-05-24 01:26:35 Conexões ativas: 2
2023-05-24 01:26:36 Nova conexão no Servidor! (288)
2023-05-24 01:26:36 Conexões ativas: 3
2023-05-24 01:27:40 Mensagem de 288 Msg: 'ASDasda'
2023-05-24 01:27:40 A Conexão 59 recebeu a mensagem de 288
2023-05-24 01:27:40 A Conexão 208 recebeu a mensagem de 288
2023-05-24 01:28:39 Conexão encerrada (288)
2023-05-24 01:28:39 Conexões ativas: 2
2023-05-24 01:28:40 Nova conexão no Servidor! (298)
2023-05-24 01:28:40 Conexões ativas: 3
2023-05-24 01:30:31 Conexão encerrada (59)
2023-05-24 01:30:31 Conexões ativas: 2
2023-05-24 01:36:38 Mensagem de 298 Msg: 'Opa'
2023-05-24 01:36:38 A Conexão 208 recebeu a mensagem de 298
2023-05-24 01:38:38 Mensagem de 298 Msg: '[208] asdasd' para 208
2023-05-24 01:38:38 A Conexão 208 recebeu a mensagem de 298
2023-05-24 01:40:36 Mensagem de 298 Msg: 'asdads'
2023-05-24 01:40:36 A Conexão 208 recebeu a mensagem de 298
2023-05-24 01:41:24 Mensagem de 298 Msg: 'aaaaaa'
2023-05-24 01:41:24 A Conexão 208 recebeu a mensagem de 298
2023-05-24 01:42:48 Servidor iniciado!
2023-05-24 01:42:49 Nova conexão no Servidor! (59)
2023-05-24 01:42:49 Conexões ativas: 1
2023-05-24 01:42:49 Nova conexão no Servidor! (98)
2023-05-24 01:42:49 Conexões ativas: 2
2023-05-24 01:49:34 Conexão encerrada (59)
2023-05-24 01:49:34 Conexões ativas: 1
2023-05-24 01:49:59 Mensagem de 98 Msg: 'ASSSSSSSSSSSSSSSSSSSS'
2023-05-24 01:51:32 Servidor iniciado!
2023-05-24 01:51:33 Nova conexão no Servidor! (59)
2023-05-24 01:51:33 Conexões ativas: 1
2023-05-24 01:51:37 Mensagem de 59 Msg: 'asdasdasdasdaSDasd'
2023-05-24 10:59:23 Servidor iniciado!
2023-05-24 10:59:23 Nova conexão no Servidor! (57)
2023-05-24 10:59:23 Conexões ativas: 1
2023-05-24 11:00:08 Mensagem de 57 Msg: 'ASD'
2023-05-24 11:00:11 Mensagem de 57 Msg: 'Oloco'
2023-05-24 11:01:50 Mensagem de 57 Msg: 'asdasd'
2023-05-24 11:03:08 Mensagem de 57 Msg: 'asd'
2023-05-24 11:03:24 Mensagem de 57 Msg: 'asd'
2023-05-24 11:05:50 Conexão encerrada (57)
2023-05-24 11:05:50 Conexões ativas: 0
2023-05-24 11:05:51 Nova conexão no Servidor! (105)
2023-05-24 11:05:51 Conexões ativas: 1
2023-05-24 11:06:03 Mensagem de 105 Msg: 'AAA'
2023-05-24 11:09:47 Servidor iniciado!
2023-05-24 11:09:48 Nova conexão no Servidor! (59)
2023-05-24 11:09:48 Conexões ativas: 1
2023-05-24 11:09:55 Conexão encerrada (59)
2023-05-24 11:09:55 Conexões ativas: 0
2023-05-24 11:09:56 Nova conexão no Servidor! (102)
2023-05-24 11:09:56 Conexões ativas: 1
2023-05-24 11:11:51 Mensagem de 102 Msg: 'dfg'
2023-05-24 11:13:21 Nova conexão no Servidor! (108)
2023-05-24 11:13:21 Conexões ativas: 2
2023-05-24 11:13:39 Mensagem de 102 Msg: 'Cole'
2023-05-24 11:13:39 A Conexão 108 recebeu a mensagem de 102
2023-05-24 11:14:18 Conexão encerrada (108)
2023-05-24 11:14:18 Conexões ativas: 1
2023-05-24 11:14:21 Nova conexão no Servidor! (117)
2023-05-24 11:14:21 Conexões ativas: 2
2023-05-24 11:14:27 Mensagem de 117 Msg: 'testando sim '
2023-05-24 11:14:27 A Conexão 102 recebeu a mensagem de 117
2023-05-24 11:14:31 Mensagem de 117 Msg: 'ali'
2023-05-24 11:14:31 A Conexão 102 recebeu a mensagem de 117
2023-05-24 11:14:35 Mensagem de 117 Msg: 'alooooooo'
2023-05-24 11:14:35 A Conexão 102 recebeu a mensagem de 117
2023-05-24 11:14:40 Mensagem de 102 Msg: 'Aopa'
2023-05-24 11:14:40 A Conexão 117 recebeu a mensagem de 102
2023-05-24 11:14:40 Mensagem de 102 Msg: 'kkkkk'
2023-05-24 11:14:40 A Conexão 117 recebeu a mensagem de 102
2023-05-24 11:14:42 Mensagem de 102 Msg: 'Agora foi'
2023-05-24 11:14:42 A Conexão 117 recebeu a mensagem de 102
2023-05-24 11:14:47 Nova conexão no Servidor! (134)
2023-05-24 11:14:47 Conexões ativas: 3
2023-05-24 11:14:52 Mensagem de 134 Msg: 'Eita coisa doida '
2023-05-24 11:14:52 A Conexão 102 recebeu a mensagem de 134
2023-05-24 11:14:52 A Conexão 117 recebeu a mensagem de 134
2023-05-24 11:14:59 Mensagem de 117 Msg: 'tô pelo telefone '
2023-05-24 11:14:59 A Conexão 102 recebeu a mensagem de 117
2023-05-24 11:14:59 A Conexão 134 recebeu a mensagem de 117
2023-05-24 11:15:05 Mensagem de 102 Msg: 'A só '
2023-05-24 11:15:05 A Conexão 117 recebeu a mensagem de 102
2023-05-24 11:15:05 A Conexão 134 recebeu a mensagem de 102
2023-05-24 11:15:07 Mensagem de 117 Msg: 'é minha von ze'
2023-05-24 11:15:07 A Conexão 102 recebeu a mensagem de 117
2023-05-24 11:15:07 A Conexão 134 recebeu a mensagem de 117
2023-05-24 11:15:08 Mensagem de 102 Msg: 'No pc era a VPN né ?'
2023-05-24 11:15:08 A Conexão 117 recebeu a mensagem de 102
2023-05-24 11:15:08 A Conexão 134 recebeu a mensagem de 102
2023-05-24 11:15:23 Conexão encerrada (134)
2023-05-24 11:15:23 Conexões ativas: 2
2023-05-24 11:15:23 Mensagem de 117 Msg: 'mano duas sugestão que não sei se dá pra fazer '
2023-05-24 11:15:23 A Conexão 102 recebeu a mensagem de 117
2023-05-24 11:15:24 Mensagem de 102 Msg: 'Nó, até assustei aqui zé, to on no telefone também'
2023-05-24 11:15:24 A Conexão 117 recebeu a mensagem de 102
2023-05-24 11:15:38 Mensagem de 102 Msg: '( isso aqui vai ser tipo um chat de OLX, fraga ? ) '
2023-05-24 11:15:38 A Conexão 117 recebeu a mensagem de 102
2023-05-24 11:15:47 Mensagem de 102 Msg: 'Conversar com o dono do anúncio ali '
2023-05-24 11:15:47 A Conexão 117 recebeu a mensagem de 102
2023-05-24 11:15:55 Nova conexão no Servidor! (164)
2023-05-24 11:15:55 Conexões ativas: 3
2023-05-24 11:16:35 Mensagem de 117 Msg: 'boa, tá ficando bom '
2023-05-24 11:16:35 A Conexão 102 recebeu a mensagem de 117
2023-05-24 11:16:35 A Conexão 164 recebeu a mensagem de 117
2023-05-24 11:16:38 Conexão encerrada (164)
2023-05-24 11:16:38 Conexões ativas: 2
2023-05-24 11:16:49 Mensagem de 102 Msg: 'Vou colocar ele no canto inferior direito '
2023-05-24 11:16:49 A Conexão 117 recebeu a mensagem de 102
2023-05-24 11:16:58 Mensagem de 102 Msg: 'Só queria que funcionasse o chat, sem usar requisições HTTP'
2023-05-24 11:16:58 A Conexão 117 recebeu a mensagem de 102
2023-05-24 11:18:06 Conexão encerrada (117)
2023-05-24 11:18:06 Conexões ativas: 1
2023-05-24 11:21:34 Mensagem de 102 Msg: 'kkkkkk'
2023-05-24 11:21:36 Mensagem de 102 Msg: 'aaaaa'
2023-05-24 11:21:37 Mensagem de 102 Msg: 'teste'
2023-05-24 11:24:18 Nova conexão no Servidor! (183)
2023-05-24 11:24:18 Conexões ativas: 2
2023-05-24 11:24:29 Mensagem de 183 Msg: 'ewew'
2023-05-24 11:24:29 A Conexão 102 recebeu a mensagem de 183
2023-05-24 11:24:37 Mensagem de 183 Msg: 'dasdas'
2023-05-24 11:24:37 A Conexão 102 recebeu a mensagem de 183
2023-05-24 11:24:40 Conexão encerrada (102)
2023-05-24 11:24:40 Conexões ativas: 1
2023-05-24 11:24:41 Nova conexão no Servidor! (194)
2023-05-24 11:24:41 Conexões ativas: 2
2023-05-24 11:24:50 Mensagem de 194 Msg: 'Alo'
2023-05-24 11:24:50 A Conexão 183 recebeu a mensagem de 194
2023-05-24 11:25:01 Mensagem de 183 Msg: 'guilherme ?'
2023-05-24 11:25:01 A Conexão 194 recebeu a mensagem de 183
2023-05-24 11:25:28 Mensagem de 194 Msg: 'Sim'
2023-05-24 11:25:28 A Conexão 183 recebeu a mensagem de 194
2023-05-24 11:26:46 Conexão encerrada (194)
2023-05-24 11:26:46 Conexões ativas: 1
2023-05-24 11:26:47 Nova conexão no Servidor! (207)
2023-05-24 11:26:47 Conexões ativas: 2
2023-05-24 11:26:54 Conexão encerrada (207)
2023-05-24 11:26:54 Conexões ativas: 1
2023-05-24 11:26:55 Nova conexão no Servidor! (214)
2023-05-24 11:26:55 Conexões ativas: 2
2023-05-24 11:27:28 Mensagem de 183 Msg: 'vai fica assim mesmo a tela  do chat ? abrindo como se fosse de mobile ?'
2023-05-24 11:27:28 A Conexão 214 recebeu a mensagem de 183
2023-05-24 11:27:49 Nova conexão no Servidor! (221)
2023-05-24 11:27:49 Conexões ativas: 3
2023-05-24 11:28:04 Mensagem de 214 Msg: 'Estou me espelhando na OLX, vai ter essa janela do chat aqui sim '
2023-05-24 11:28:04 A Conexão 183 recebeu a mensagem de 214
2023-05-24 11:28:04 A Conexão 221 recebeu a mensagem de 214
2023-05-24 11:28:07 Mensagem de 183 Msg: 'nao sei como é a do OLX vo até abrir pra ver'
2023-05-24 11:28:07 A Conexão 214 recebeu a mensagem de 183
2023-05-24 11:28:07 A Conexão 221 recebeu a mensagem de 183
2023-05-24 11:28:08 Mensagem de 214 Msg: 'Mas não tem nada pronto ainda'
2023-05-24 11:28:08 A Conexão 183 recebeu a mensagem de 214
2023-05-24 11:28:08 A Conexão 221 recebeu a mensagem de 214
2023-05-24 11:28:22 Mensagem de 214 Msg: 'OLX tem essa mesma janelinha e tem uma página com todos os chats'
2023-05-24 11:28:22 A Conexão 183 recebeu a mensagem de 214
2023-05-24 11:28:22 A Conexão 221 recebeu a mensagem de 214
2023-05-24 11:29:18 Mensagem de 183 Msg: 'entendi. mas as cores usada aqui tipo o cinza ta visualmente ruim para visualizar talvez usa uma outra cor ao invés do cinza '
2023-05-24 11:29:18 A Conexão 214 recebeu a mensagem de 183
2023-05-24 11:29:18 A Conexão 221 recebeu a mensagem de 183
2023-05-24 11:29:23 Mensagem de 183 Msg: 'melhore a visualização aqui. '
2023-05-24 11:29:23 A Conexão 214 recebeu a mensagem de 183
2023-05-24 11:29:23 A Conexão 221 recebeu a mensagem de 183
2023-05-24 11:29:37 Mensagem de 183 Msg: 'tanto no escrever como na mensagem que vem de vc pra mim'
2023-05-24 11:29:37 A Conexão 214 recebeu a mensagem de 183
2023-05-24 11:29:37 A Conexão 221 recebeu a mensagem de 183
2023-05-24 11:29:37 Mensagem de 214 Msg: 'Sim, por isso disse que não estava pronto'
2023-05-24 11:29:37 A Conexão 183 recebeu a mensagem de 214
2023-05-24 11:29:37 A Conexão 221 recebeu a mensagem de 214
2023-05-24 11:29:39 Mensagem de 214 Msg: 'Estou mexendo...'
2023-05-24 11:29:39 A Conexão 183 recebeu a mensagem de 214
2023-05-24 11:29:39 A Conexão 221 recebeu a mensagem de 214
2023-05-24 11:29:50 Mensagem de 183 Msg: 'tranquilo entao  só para saber mesmo ...'
2023-05-24 11:29:50 A Conexão 214 recebeu a mensagem de 183
2023-05-24 11:29:50 A Conexão 221 recebeu a mensagem de 183
2023-05-24 11:30:00 Mensagem de 183 Msg: 'nao esqueçe de ativa o SSL dentro do site ai ok '
2023-05-24 11:30:00 A Conexão 214 recebeu a mensagem de 183
2023-05-24 11:30:00 A Conexão 221 recebeu a mensagem de 183
2023-05-24 11:30:20 Mensagem de 183 Msg: 'esta outra tela com todos os chats consigo ver ja ?  tbm como é ? ou ta ainda criando '
2023-05-24 11:30:20 A Conexão 214 recebeu a mensagem de 183
2023-05-24 11:30:20 A Conexão 221 recebeu a mensagem de 183
2023-05-24 11:30:20 Mensagem de 183 Msg: '?'
2023-05-24 11:30:20 A Conexão 214 recebeu a mensagem de 183
2023-05-24 11:30:20 A Conexão 221 recebeu a mensagem de 183
2023-05-24 11:30:22 Mensagem de 214 Msg: 'Quando estiver pronto vai estar ativo, agora estou configurando as coisas, mexendo ainda... '
2023-05-24 11:30:22 A Conexão 183 recebeu a mensagem de 214
2023-05-24 11:30:22 A Conexão 221 recebeu a mensagem de 214
2023-05-24 11:30:32 Mensagem de 214 Msg: 'Criando, assim que pronto vou avisar'
2023-05-24 11:30:32 A Conexão 183 recebeu a mensagem de 214
2023-05-24 11:30:32 A Conexão 221 recebeu a mensagem de 214
2023-05-24 11:31:00 Conexão encerrada (221)
2023-05-24 11:31:00 Conexões ativas: 2
2023-05-24 11:31:02 Mensagem de 183 Msg: 'Ok mas  qual sua previsão de ta tudo pronto ? '
2023-05-24 11:31:02 A Conexão 214 recebeu a mensagem de 183
2023-05-24 11:31:19 Mensagem de 214 Msg: 'Estou mensurando aqui, esse chat é complicado'
2023-05-24 11:31:19 A Conexão 183 recebeu a mensagem de 214
2023-05-24 11:31:26 Mensagem de 214 Msg: 'VOu continuar aqui, qualquer coisa chama no whatsapp lá'
2023-05-24 11:31:26 A Conexão 183 recebeu a mensagem de 214
